<?xml version="1.0" encoding="UTF-8"?>
<testng-results ignored="0" total="1" passed="1" failed="0" skipped="0">
  <reporter-output>
  </reporter-output>
  <suite started-at="2022-07-29T00:11:47 IST" name="Default suite" finished-at="2022-07-29T00:12:15 IST" duration-ms="27513">
    <groups>
    </groups>
    <test started-at="2022-07-29T00:11:47 IST" name="Default test" finished-at="2022-07-29T00:12:15 IST" duration-ms="27513">
      <class name="com.apidemos.tests.web.FirstWebTest">
        <test-method is-config="true" signature="beforeTest()[pri:0, instance:com.apidemos.tests.web.FirstWebTest@7c37508a]" started-at="2022-07-29T00:11:47 IST" name="beforeTest" finished-at="2022-07-29T00:12:02 IST" duration-ms="14599" status="PASS">
          <reporter-output>
          </reporter-output>
        </test-method> <!-- beforeTest -->
        <test-method signature="f()[pri:0, instance:com.apidemos.tests.web.FirstWebTest@7c37508a]" started-at="2022-07-29T00:12:02 IST" name="f" finished-at="2022-07-29T00:12:15 IST" duration-ms="12865" status="PASS">
          <reporter-output>
          </reporter-output>
        </test-method> <!-- f -->
        <test-method is-config="true" signature="afterTest()[pri:0, instance:com.apidemos.tests.web.FirstWebTest@7c37508a]" started-at="2022-07-29T00:12:15 IST" name="afterTest" finished-at="2022-07-29T00:12:15 IST" duration-ms="1" status="PASS">
          <reporter-output>
          </reporter-output>
        </test-method> <!-- afterTest -->
        <test-method is-config="true" signature="afterSuite()[pri:0, instance:com.apidemos.tests.web.FirstWebTest@7c37508a]" started-at="2022-07-29T00:12:15 IST" name="afterSuite" finished-at="2022-07-29T00:12:15 IST" duration-ms="684" status="PASS">
          <reporter-output>
          </reporter-output>
        </test-method> <!-- afterSuite -->
      </class> <!-- com.apidemos.tests.web.FirstWebTest -->
    </test> <!-- Default test -->
  </suite> <!-- Default suite -->
</testng-results>
