<?xml version="1.0" encoding="UTF-8"?>
<testng-results ignored="0" total="1" passed="1" failed="0" skipped="0">
  <reporter-output>
  </reporter-output>
  <suite started-at="2022-07-27T20:39:27 IST" name="Default suite" finished-at="2022-07-27T20:39:44 IST" duration-ms="17494">
    <groups>
    </groups>
    <test started-at="2022-07-27T20:39:27 IST" name="Default test" finished-at="2022-07-27T20:39:44 IST" duration-ms="17494">
      <class name="com.apidemos.tests.app.FirstAppTest">
        <test-method is-config="true" signature="beforeTest()[pri:0, instance:com.apidemos.tests.app.FirstAppTest@7c37508a]" started-at="2022-07-27T20:39:27 IST" name="beforeTest" finished-at="2022-07-27T20:39:41 IST" duration-ms="13936" status="PASS">
          <reporter-output>
          </reporter-output>
        </test-method> <!-- beforeTest -->
        <test-method signature="f()[pri:0, instance:com.apidemos.tests.app.FirstAppTest@7c37508a]" started-at="2022-07-27T20:39:41 IST" name="f" finished-at="2022-07-27T20:39:44 IST" duration-ms="3502" status="PASS">
          <reporter-output>
          </reporter-output>
        </test-method> <!-- f -->
        <test-method is-config="true" signature="afterTest()[pri:0, instance:com.apidemos.tests.app.FirstAppTest@7c37508a]" started-at="2022-07-27T20:39:44 IST" name="afterTest" finished-at="2022-07-27T20:39:44 IST" duration-ms="0" status="PASS">
          <reporter-output>
          </reporter-output>
        </test-method> <!-- afterTest -->
        <test-method is-config="true" signature="afterSuite()[pri:0, instance:com.apidemos.tests.app.FirstAppTest@7c37508a]" started-at="2022-07-27T20:39:44 IST" name="afterSuite" finished-at="2022-07-27T20:39:45 IST" duration-ms="780" status="PASS">
          <reporter-output>
          </reporter-output>
        </test-method> <!-- afterSuite -->
      </class> <!-- com.apidemos.tests.app.FirstAppTest -->
    </test> <!-- Default test -->
  </suite> <!-- Default suite -->
</testng-results>
